\BOOKMARK [0][-]{chapter.1}{\376\377\000I\000n\000t\000r\000o\000d\000u\000c\000t\000i\000o\000n}{}% 1
\BOOKMARK [1][-]{section.1.1}{\376\377\000P\000u\000r\000p\000o\000s\000e\000\040\000o\000f\000\040\000t\000h\000e\000s\000e\000\040\000l\000e\000c\000t\000u\000r\000e\000s}{chapter.1}% 2
\BOOKMARK [1][-]{section.1.2}{\376\377\000B\000i\000o\000l\000o\000g\000i\000c\000a\000l\000\040\000i\000n\000s\000p\000i\000r\000a\000t\000i\000o\000n}{chapter.1}% 3
\BOOKMARK [1][-]{section.1.3}{\376\377\000F\000e\000e\000d\000-\000f\000o\000r\000w\000a\000r\000d\000\040\000n\000e\000t\000w\000o\000r\000k\000s}{chapter.1}% 4
\BOOKMARK [1][-]{section.1.4}{\376\377\000W\000h\000y\000\040\000P\000y\000t\000h\000o\000n}{chapter.1}% 5
\BOOKMARK [0][-]{chapter.2}{\376\377\000M\000C\000P\000\040\000N\000e\000u\000r\000o\000n}{}% 6
\BOOKMARK [1][-]{section.2.1}{\376\377\000D\000e\000f\000i\000n\000i\000t\000i\000o\000n}{chapter.2}% 7
\BOOKMARK [1][-]{section.2.2}{\376\377\000M\000C\000P\000\040\000n\000e\000u\000r\000o\000n\000\040\000i\000n\000\040\000P\000y\000t\000h\000o\000n}{chapter.2}% 8
\BOOKMARK [1][-]{section.2.3}{\376\377\000B\000o\000o\000l\000e\000a\000n\000\040\000f\000u\000n\000c\000t\000i\000o\000n\000s}{chapter.2}% 9
\BOOKMARK [0][-]{chapter.3}{\376\377\000M\000o\000d\000e\000l\000s\000\040\000o\000f\000\040\000m\000e\000m\000o\000r\000y}{}% 10
\BOOKMARK [1][-]{section.3.1}{\376\377\000H\000e\000t\000e\000r\000o\000a\000s\000s\000o\000c\000i\000a\000t\000i\000v\000e\000\040\000m\000e\000m\000o\000r\000y}{chapter.3}% 11
\BOOKMARK [1][-]{section.3.2}{\376\377\000A\000u\000t\000o\000a\000s\000s\000o\000c\000i\000a\000t\000i\000v\000e\000\040\000m\000e\000m\000o\000r\000y}{chapter.3}% 12
\BOOKMARK [0][-]{chapter.4}{\376\377\000P\000e\000r\000c\000e\000p\000t\000r\000o\000n}{}% 13
\BOOKMARK [1][-]{section.4.1}{\376\377\000S\000u\000p\000e\000r\000v\000i\000s\000e\000d\000\040\000l\000e\000a\000r\000n\000i\000n\000g}{chapter.4}% 14
\BOOKMARK [1][-]{section.4.2}{\376\377\000B\000i\000n\000a\000r\000y\000\040\000c\000l\000a\000s\000s\000i\000f\000i\000e\000r}{chapter.4}% 15
\BOOKMARK [1][-]{section.4.3}{\376\377\000P\000e\000r\000c\000e\000p\000t\000r\000o\000n\000\040\000a\000l\000g\000o\000r\000i\000t\000h\000m}{chapter.4}% 16
\BOOKMARK [0][-]{chapter.5}{\376\377\000M\000o\000r\000e\000\040\000l\000a\000y\000e\000r\000s}{}% 17
\BOOKMARK [1][-]{section.5.1}{\376\377\000T\000w\000o\000\040\000l\000a\000y\000e\000r\000s\000\040\000o\000f\000\040\000n\000e\000u\000r\000o\000n\000s}{chapter.5}% 18
\BOOKMARK [1][-]{section.5.2}{\376\377\000T\000h\000r\000e\000e\000\040\000o\000r\000\040\000m\000o\000r\000e\000\040\000l\000a\000y\000e\000r\000s\000\040\000o\000f\000\040\000n\000e\000u\000r\000o\000n\000s}{chapter.5}% 19
\BOOKMARK [1][-]{section.5.3}{\376\377\000F\000e\000e\000d\000i\000n\000g\000\040\000f\000o\000r\000w\000a\000r\000d\000\040\000i\000n\000\040\000P\000y\000t\000h\000o\000n}{chapter.5}% 20
\BOOKMARK [1][-]{section.5.4}{\376\377\000V\000i\000s\000u\000a\000l\000i\000z\000a\000t\000i\000o\000n}{chapter.5}% 21
\BOOKMARK [1][-]{section.5.5}{\376\377\000C\000l\000a\000s\000s\000i\000f\000i\000e\000r\000\040\000w\000i\000t\000h\000\040\000t\000h\000r\000e\000e\000\040\000n\000e\000u\000r\000o\000n\000\040\000l\000a\000y\000e\000r\000s}{chapter.5}% 22
\BOOKMARK [0][-]{chapter.6}{\376\377\000B\000a\000c\000k\000\040\000p\000r\000o\000p\000a\000g\000a\000t\000i\000o\000n}{}% 23
\BOOKMARK [1][-]{section.6.1}{\376\377\000M\000i\000n\000i\000m\000i\000z\000i\000n\000g\000\040\000t\000h\000e\000\040\000e\000r\000r\000o\000r}{chapter.6}% 24
\BOOKMARK [1][-]{section.6.2}{\376\377\000C\000o\000n\000t\000i\000n\000u\000o\000u\000s\000\040\000a\000c\000t\000i\000v\000a\000t\000i\000o\000n\000\040\000f\000u\000n\000c\000t\000i\000o\000n}{chapter.6}% 25
\BOOKMARK [1][-]{section.6.3}{\376\377\000S\000t\000e\000e\000p\000e\000s\000t\000\040\000d\000e\000s\000c\000e\000n\000t}{chapter.6}% 26
\BOOKMARK [1][-]{section.6.4}{\376\377\000B\000a\000c\000k\000p\000r\000o\000p\000\040\000a\000l\000g\000o\000r\000i\000t\000h\000m}{chapter.6}% 27
\BOOKMAR