\BOOKMARK [0][-]{chapter.1}{\376\377\000I\000n\000t\000r\000o\000d\000u\000c\000t\000i\000o\000n}{}% 1
\BOOKMARK [1][-]{section.1.1}{\376\377\000P\000u\000r\000p\000o\000s\000e\000\040\000o\000f\000\040\000t\000h\000e\000s\000e\000\040\000l\000e\000c\000t\000u\000r\000e\000s}{chapter.1}% 2
\BOOKMARK [1][-]{section.1.2}{\376\377\000B\000i\000o\000l\000o\000g\000i\000c\000a\000l\000\040\000i\000n\000s\000p\000i\000r\000a\000t\000i\000o\000n}{chapter.1}% 3
\BOOKMARK [1][-]{section.1.3}{\376\377\000F\000e\000e\000d\000-\000f\000o\000r\000w\000a\000r\000d\000\040\000n\000e\000t\000w\000o\000r\000k\000s}{chapter.1}% 4
\BOOKMARK [1][-]{section.1.4}{\376\377\000W\000h\000y\000\040\000P\000y\000t\000h\000o\000n}{chapter.1}% 5
\BOOKMARK [2][-]{subsection.1.4.1}{\376\377\000I\000m\000p\000o\000r\000t\000e\000d\000\040\000p\000a\000c\000k\000a\000g\000e\000s}{section.1.4}% 6
\BOOKMARK [0][-]{chapter.2}{\376\377\000M\000C\000P\000\040\000N\000e\000u\000r\000o\000n}{}% 7
\BOOKMARK [1][-]{section.2.1}{\376\377\000D\000e\000f\000i\000n\000i\000t\000i\000o\000n}{chapter.2}% 8
\BOOKMARK [1][-]{section.2.2}{\376\377\000M\000C\000P\000\040\000n\000e\000u\000r\000o\000n\000\040\000i\000n\000\040\000P\000y\000t\000h\000o\000n}{chapter.2}% 9
\BOOKMARK [1][-]{section.2.3}{\376\377\000B\000o\000o\000l\000e\000a\000n\000\040\000f\000u\000n\000c\000t\000i\000o\000n\000s}{chapter.2}% 10
\BOOKMARK [2][-]{subsection.2.3.1}{\376\377\000P\000r\000o\000b\000l\000e\000m\000\040\000w\000i\000t\000h\000\040\000X\000O\000R}{section.2.3}% 11
\BOOKMARK [2][-]{subsection.2.3.2}{\376\377\000X\000O\000R\000\040\000f\000r\000o\000m\000\040\000c\000o\000m\000p\000o\000s\000i\000t\000i\000o\000n\000\040\000o\000f\000\040\000A\000N\000D\000,\000\040\000N\000A\000N\000D\000\040\000a\000n\000d\000\040\000O\000R}{section.2.3}% 12
\BOOKMARK [2][-]{subsection.2.3.3}{\376\377\000X\000O\000R\000\040\000c\000o\000m\000p\000o\000s\000e\000d\000\040\000f\000r\000o\000m\000\040\000N\000A\000N\000D}{section.2.3}% 13
\BOOKMARK [1][-]{section.2.4}{\376\377\000E\000x\000e\000r\000c\000i\000s\000e\000s}{chapter.2}% 14
\BOOKMARK [0][-]{chapter.3}{\376\377\000M\000o\000d\000e\000l\000s\000\040\000o\000f\000\040\000m\000e\000m\000o\000r\000y}{}% 15
\BOOKMARK [1][-]{section.3.1}{\376\377\000H\000e\000t\000e\000r\000o\000a\000s\000s\000o\000c\000i\000a\000t\000i\000v\000e\000\040\000m\000e\000m\000o\000r\000y}{chapter.3}% 16
\BOOKMARK [2][-]{subsection.3.1.1}{\376\377\000P\000a\000i\000r\000\040\000a\000s\000s\000o\000c\000i\000a\000t\000i\000o\000n\000s}{section.3.1}% 17
\BOOKMARK [2][-]{subsection.3.1.2}{\376\377\000M\000e\000m\000o\000r\000y\000\040\000m\000a\000t\000r\000i\000x}{section.3.1}% 18
\BOOKMARK [2][-]{subsection.3.1.3}{\376\377\000A\000p\000p\000l\000y\000i\000n\000g\000\040\000a\000\040\000f\000i\000l\000t\000e\000r}{section.3.1}% 19
\BOOKMARK [1][-]{section.3.2}{\376\377\000A\000u\000t\000o\000a\000s\000s\000o\000c\000i\000a\000t\000i\000v\000e\000\040\000m\000e\000m\000o\000r\000y}{chapter.3}% 20
\BOOKMARK [2][-]{subsection.3.2.1}{\376\377\000S\000e\000l\000f\000-\000a\000s\000s\000o\000c\000i\000a\000t\000i\000o\000n\000s}{section.3.2}% 21
\BOOKMARK [2][-]{subsection.3.2.2}{\376\377\000D\000i\000s\000t\000o\000r\000t\000i\000n\000g\000\040\000t\000h\000e\000\040\000i\000m\000a\000g\000e}{section.3.2}% 22
\BOOKMARK [2][-]{subsection.3.2.3}{\376\377\000R\000e\000s\000t\000o\000r\000i\000n\000g\000\040\000t\000h\000e\000\040\000s\000y\000m\000b\000o\000l\000s}{section.3.2}% 23
\BOOKMARK [1][-]{section.3.3}{\376\377\000E\000x\000e\000r\000c\000i\000s\000e\000s}{chapter.3}% 24
\BOOKMARK [0][-]{chapter.4}{\376\377\000P\000e\000r\000c\000e\000p\000t\000r\000o\000n}{}% 25
\BOOKMARK [1][-]{section.4.1}{\376\377\000S\000u\000p\000e\000r\000v\000i\000s\000e\000d\000\040\000l\000e\000a\000r\000n\000i\000n\000g}{chapter.4}% 26
\BOOKMARK [1][-]{section.4.2}{\376\377\000P\000e\000r\000c\000e\000p\000t\000r\000o\000n\000\040\000a\000s\000\040\000a\000\040\000b\000i\000n\000a\000r\000y\000\040\000c\000l\000a\000s\000s\000i\000f\000i\000e\000r}{chapter.4}% 27
\BOOKMARK [2][-]{subsection.4.2.1}{\376\377\000S\000a\000m\000p\000l\000e\000\040\000w\000i\000t\000h\000\040\000a\000\040\000k\000n\000o\000w\000n\000\040\000c\000l\000a\000s\000s\000i\000f\000i\000c\000a\000t\000i\000o\000n\000\040\000r\000u\000l\000e}{section.4.2}% 28
\BOOKMARK [2][-]{subsection.4.2.2}{\376\377\000S\000a\000m\000p\000l\000e\000\040\000w\000i\000t\000h\000\040\000a\000n\000\040\000u\000n\000k\000n\000o\000w\000n\000\040\000c\000l\000a\000s\000s\000i\000f\000i\000c\000a\000t\000i\000o\000n\000\040\000r\000u\000l\000e}{section.4.2}% 29
\BOOKMARK [1][-]{section.4.3}{\376\377\000P\000e\000r\000c\000e\000p\000t\000r\000o\000n\000\040\000a\000l\000g\000o\000r\000i\000t\000h\000m}{chapter.4}% 30
\BOOKMARK [2][-]{subsection.4.3.1}{\376\377\000T\000e\000s\000t\000i\000n\000g\000\040\000t\000h\000e\000\040\000c\000l\000a\000s\000s\000i\000f\000i\000e\000r}{section.4.3}% 31
\BOOKMARK [1][-]{section.4.4}{\376\377\000E\000x\000e\000r\000c\000i\000s\000e\000s}{chapter.4}% 32
\BOOKMARK [0][-]{chapter.5}{\376\377\000M\000o\000r\000e\000\040\000l\000a\000y\000e\000r\000s}{}% 33
\BOOKMARK [1][-]{section.5.1}{\376\377\000T\000w\000o\000\040\000l\000a\000y\000e\000r\000s\000\040\000o\000f\000\040\000n\000e\000u\000r\000o\000n\000s}{chapter.5}% 34
\BOOKMARK [1][-]{section.5.2}{\376\377\000T\000h\000r\000e\000e\000\040\000o\000r\000\040\000m\000o\000r\000e\000\040\000l\000a\000y\000e\000r\000s\000\040\000o\000f\000\040\000n\000e\000u\000r\000o\000n\000s}{chapter.5}% 35
\BOOKMARK [1][-]{section.5.3}{\376\377\000F\000e\000e\000d\000i\000n\000g\000\040\000f\000o\000r\000w\000a\000r\000d\000\040\000i\000n\000\040\000P\000y\000t\000h\000o\000n}{chapter.5}% 36
\BOOKMARK [1][-]{section.5.4}{\376\377\000V\000i\000s\000u\000a\000l\000i\000z\000a\000t\000i\000o\000n}{chapter.5}% 37
\BOOKMARK [1][-]{section.5.5}{\376\377\000C\000l\000a\000s\000s\000i\000f\000i\000e\000r\000\040\000w\000i\000t\000h\000\040\000t\000h\000r\000e\000e\000\040\000n\000e\000u\000r\000o\000n\000\040\000l\000a\000y\000e\000r\000s}{chapter.5}% 38
\BOOKMARK [1][-]{section.5.6}{\376\377\000E\000x\000e\000r\000c\000i\000s\000e\000s}{chapter.5}% 39
\BOOKMARK [0][-]{chapter.6}{\376\377\000B\000a\000c\000k\000\040\000p\000r\000o\000p\000a\000g\000a\000t\000i\000o\000n}{}% 40
\BOOKMARK [1][-]{section.6.1}{\376\377\000M\000i\000n\000i\000m\000i\000z\000i\000n\000g\000\040\000t\000h\000e\000\040\000e\000r\000r\000o\000r}{chapter.6}% 41
\BOOKMARK [1][-]{section.6.2}{\376\377\000C\000o\000n\000t\000i\000n\000u\000o\000u\000s\000\040\000a\000c\000t\000i\000v\000a\000t\000i\000o\000n\000\040\000f\000u\000n\000c\000t\000i\000o\000n}{chapter.6}% 42
\BOOKMARK [1][-]{section.6.3}{\376\377\000S\000t\000e\000e\000p\000e\000s\000t\000\040\000d\000e\000s\000c\000e\000n\000t}{chapter.6}% 43
\BOOKMARK [1][-]{section.6.4}{\376\377\000B\000a\000c\000k\000p\000r\000o\000p\000\040\000a\000l\000g\000o\000r\000i\000t\000h\000m}{chapter.6}% 44
\BOOKMARK [2][-]{subsection.6.4.1}{\376\377\000C\000o\000d\000e\000\040\000f\000o\000r\000\040\000b\000a\000c\000k\000p\000r\000o\000p}{section.6.4}% 45
\BOOKMARK [1][-]{section.6.5}{\376\377\000E\000x\000a\000m\000p\000l\000e\000\040\000w\000i\000t\000h\000\040\000t\000h\000e\000\040\000c\000i\000r\000c\000l\000e}{chapter.6}% 46
\BOOKMARK [1][-]{section.6.6}{\376\377\000G\000e\000n\000e\000r\000a\000l\000\040\000r\000e\000m\000a\000r\000k\000s}{chapter.6}% 47
\BOOKMARK [1][-]{section.6.7}{\376\377\000E\000x\000e\000r\000c\000i\000s\000e\000s}{chapter.6}% 48
\BOOKMARK [0][-]{chapter.7}{\376\377\000I\000n\000t\000e\000r\000p\000o\000l\000a\000t\000i\000o\000n}{}% 49
\BOOKMARK [1][-]{section.7.1}{\376\377\000S\000i\000m\000u\000l\000a\000t\000e\000d\000\040\000d\000a\000t\000a}{chapter.7}% 50
\BOOKMARK [1][-]{section.7.2}{\376\377\000A\000N\000N\000s\000\040\000f\000o\000r\000\040\000i\000n\000t\000e\000r\000p\000o\000l\000a\000t\000i\000o\000n}{chapter.7}% 51
\BOOKMARK [2][-]{subsection.7.2.1}{\376\377\000B\000a\000c\000k\000p\000r\000o\000p\000\040\000f\000o\000r\000\040\000o\000n\000e\000-\000d\000i\000m\000e\000n\000s\000i\000o\000n\000a\000l\000\040\000f\000u\000n\000c\000t\000i\000o\000n\000s}{section.7.2}% 52
\BOOKMARK [1][-]{section.7.3}{\376\377\000E\000x\000e\000r\000c\000i\000s\000e\000s}{chapter.7}% 53
\BOOKMARK [0][-]{chapter.8}{\376\377\000R\000e\000c\000t\000i\000f\000i\000c\000a\000t\000i\000o\000n}{}% 54
\BOOKMARK [1][-]{section.8.1}{\376\377\000I\000n\000t\000e\000r\000p\000o\000l\000a\000t\000i\000o\000n\000\040\000w\000i\000t\000h\000\040\000R\000e\000L\000U}{chapter.8}% 55
\BOOKMARK [1][-]{section.8.2}{\376\377\000C\000l\000a\000s\000s\000i\000f\000i\000e\000r\000s\000\040\000w\000i\000t\000h\000\040\000r\000e\000c\000t\000i\000f\000i\000c\000a\000t\000i\000o\000n}{chapter.8}% 56
\BOOKMARK [1][-]{section.8.3}{\376\377\000E\000x\000e\000r\000c\000i\000s\000e\000s}{chapter.8}% 57
\BOOKMARK [0][-]{chapter.9}{\376\377\000U\000n\000s\000u\000p\000e\000r\000v\000i\000s\000e\000d\000\040\000l\000e\000a\000r\000n\000i\000n\000g}{}% 58
\BOOKMARK [1][-]{section.9.1}{\376\377\000C\000l\000u\000s\000t\000e\000r\000s\000\040\000o\000f\000\040\000p\000o\000i\000n\000t\000s}{chapter.9}% 59
\BOOKMARK [1][-]{section.9.2}{\376\377\000V\000o\000r\000o\000n\000o\000i\000\040\000a\000r\000e\000a\000s}{chapter.9}% 60
\BOOKMARK [1][-]{section.9.3}{\376\377\000N\000a\000i\000v\000e\000\040\000c\000l\000u\000s\000t\000e\000r\000i\000z\000a\000t\000i\000o\000n}{chapter.9}% 61
\BOOKMARK [1][-]{section.9.4}{\376\377\000C\000l\000u\000s\000t\000e\000r\000i\000n\000g\000\040\000s\000c\000a\000l\000e}{chapter.9}% 62
\BOOKMARK [2][-]{subsection.9.4.1}{\376\377\000I\000n\000t\000e\000r\000p\000r\000e\000t\000a\000t\000i\000o\000n\000\040\000v\000i\000a\000\040\000s\000t\000e\000e\000p\000e\000s\000t\000\040\000d\000e\000s\000c\000e\000n\000t}{section.9.4}% 63
\BOOKMARK [1][-]{section.9.5}{\376\377\000I\000n\000t\000e\000r\000p\000r\000e\000t\000a\000t\000i\000o\000n\000\040\000v\000i\000a\000\040\000n\000e\000u\000r\000a\000l\000\040\000n\000e\000t\000w\000o\000r\000k\000s}{chapter.9}% 64
\BOOKMARK [2][-]{subsection.9.5.1}{\376\377\000R\000e\000p\000r\000e\000s\000e\000n\000t\000a\000t\000i\000o\000n\000\040\000w\000i\000t\000h\000\040\000s\000p\000h\000e\000r\000i\000c\000a\000l\000\040\000c\000o\000o\000r\000d\000i\000n\000a\000t\000e\000s}{section.9.5}% 65
\BOOKMARK [2][-]{subsection.9.5.2}{\376\377\000S\000c\000a\000l\000a\000r\000\040\000p\000r\000o\000d\000u\000c\000t\000\040\000m\000a\000x\000i\000m\000i\000z\000a\000t\000i\000o\000n}{section.9.5}% 66
\BOOKMARK [1][-]{section.9.6}{\376\377\000E\000x\000e\000r\000c\000i\000s\000e\000s}{chapter.9}% 67
\BOOKMARK [0][-]{chapter.10}{\376\377\000S\000e\000l\000f\000\040\000O\000r\000g\000a\000n\000i\000z\000i\000n\000g\000\040\000M\000a\000p\000s}{}% 68
\BOOKMARK [1][-]{section.10.1}{\376\377\000K\000o\000h\000o\000n\000e\000n\040\031\000s\000\040\000a\000l\000g\000o\000r\000i\000t\000h\000m}{chapter.10}% 69
\BOOKMARK [2][-]{subsection.10.1.1}{\376\377\0002\000-\000d\000i\000m\000.\000\040\000d\000a\000t\000a\000\040\000a\000n\000d\000\040\0001\000-\000d\000i\000m\000.\000\040\000n\000e\000u\000r\000o\000n\000\040\000g\000r\000i\000d}{section.10.1}% 70
\BOOKMARK [2][-]{subsection.10.1.2}{\376\377\0002\000\040\000d\000i\000m\000.\000\040\000c\000o\000l\000o\000r\000\040\000m\000a\000p}{section.10.1}% 71
\BOOKMARK [1][-]{section.10.2}{\376\377\000U\000-\000m\000a\000t\000r\000i\000x}{chapter.10}% 72
\BOOKMARK [2][-]{subsection.10.2.1}{\376\377\000M\000a\000p\000p\000i\000n\000g\000\040\000c\000o\000l\000o\000r\000s\000\040\000o\000n\000\040\000a\000\040\000l\000i\000n\000e}{section.10.2}% 73
\BOOKMARK [2][-]{subsection.10.2.2}{\376\377\000W\000i\000k\000i\000p\000e\000d\000i\000a\000\040\000a\000r\000t\000i\000c\000l\000e\000s\040\031\000\040\000s\000i\000m\000i\000l\000a\000r\000i\000t\000y}{section.10.2}% 74
\BOOKMARK [1][-]{section.10.3}{\376\377\000M\000a\000p\000p\000i\000n\000g\000\040\0002\000-\000d\000i\000m\000.\000\040\000d\000a\000t\000a\000\040\000i\000n\000t\000o\000\040\000a\000\040\0002\000-\000d\000i\000m\000.\000\040\000g\000r\000i\000d}{chapter.10}% 75
\BOOKMARK [1][-]{section.10.4}{\376\377\000T\000o\000p\000o\000l\000o\000g\000i\000c\000a\000l\000\040\000p\000r\000o\000p\000e\000r\000t\000i\000e\000s}{chapter.10}% 76
\BOOKMARK [1][-]{section.10.5}{\376\377\000L\000a\000t\000e\000r\000a\000l\000\040\000i\000n\000h\000i\000b\000i\000t\000i\000o\000n}{chapter.10}% 77
\BOOKMARK [1][-]{section.10.6}{\376\377\000E\000x\000e\000r\000c\000i\000s\000e\000s}{chapter.10}% 78
\BOOKMARK [0][-]{chapter.11}{\376\377\000C\000o\000n\000c\000l\000u\000d\000i\000n\000g\000\040\000r\000e\000m\000a\000r\000k\000s}{}% 79
\BOOKMARK [1][-]{section.11.1}{\376\377\000A\000c\000k\000n\000o\000w\000l\000e\000d\000g\000m\000e\000n\000t\000s}{chapter.11}% 80
\BOOKMARK [0][-]{chapter.12}{\376\377\000A\000p\000p\000e\000n\000d\000i\000x}{}% 81
\BOOKMARK [1][-]{section.12.1}{\376\377\000H\000o\000w\000\040\000t\000o\000\040\000r\000u\000n\000\040\000t\000h\000e\000\040\000b\000o\000o\000k\000\040\000c\000o\000d\000e\000s}{chapter.12}% 82
\BOOKMARK [2][-]{subsection.12.1.1}{\376\377\000L\000o\000c\000a\000l\000l\000y}{section.12.1}% 83
\BOOKMARK [1][-]{section.12.2}{\376\377\000n\000e\000u\000r\000a\000l\000\040\000p\000a\000c\000k\000a\000g\000e}{chapter.12}% 84
\BOOKMARK [2][-]{subsection.12.2.1}{\376\377\000f\000u\000n\000c\000.\000p\000y\000\040\000m\000o\000d\000u\000l\000e}{section.12.2}% 85
\BOOKMARK [2][-]{subsection.12.2.2}{\376\377\000d\000r\000a\000w\000.\000p\000y\000\040\000m\000o\000d\000u\000l\000e}{section.12.2}% 86
\BOOKMARK [1][-]{section.12.3}{\376\377\000H\000o\000w\000\040\000t\000o\000\040\000c\000i\000t\000e}{chapter.12}% 87
\BOOKMARK [0][-]{chapter*.3}{\376\377\000B\000i\000b\000l\000i\000o\000g\000r\000a\000p\000h\000y}{}% 88
